<?xml version="1.0" encoding="UTF-8"?>
<testsuite name="cn.segema.sys.dao.impl.SysDictionaryDaoImplTest" time="2.522" tests="16" errors="0" skipped="0" failures="3">
  <properties>
[...]
</properties>
  <testcase name="testSelectCountT" classname="cn.segema.sys.dao.impl.SysDictionaryDaoImplTest" time="0.748"/>
  <testcase name="testSelectAll" classname="cn.segema.sys.dao.impl.SysDictionaryDaoImplTest" time="0.137">
    <failure message="expected:&lt;10&gt; but was:&lt;12&gt;" type="java.lang.AssertionError"><![CDATA[java.lang.AssertionError: expected:<10> but was:<12>
	at org.junit.Assert.fail(Assert.java:88)
	at org.junit.Assert.failNotEquals(Assert.java:743)
	at org.junit.Assert.assertEquals(Assert.java:118)
	at org.junit.Assert.assertEquals(Assert.java:555)
	at org.junit.Assert.assertEquals(Assert.java:542)
	at cn.segema.sys.dao.impl.SysDictionaryDaoImplTest.testSelectAll(SysDictionaryDaoImplTest.java:122)
]]></failure>
    <system-out><![CDATA[2015-09-11 23:19:59.458 [main] [INFO ]  org.springframework.test.context.transaction.TransactionContext {TransactionContext.java:101} - Began transaction (1) for test context [DefaultTestContext@1c7fd41f testClass = SysDictionaryDaoImplTest, testInstance = cn.segema.sys.dao.impl.SysDictionaryDaoImplTest@165b2f7f, testMethod = testSelectAll@SysDictionaryDaoImplTest, testException = [null], mergedContextConfiguration = [MergedContextConfiguration@7b324585 testClass = SysDictionaryDaoImplTest, locations = '{classpath:/spring-config.xml}', classes = '{}', contextInitializerClasses = '[]', activeProfiles = '{}', propertySourceLocations = '{}', propertySourceProperties = '{}', contextLoader = 'org.springframework.test.context.support.DelegatingSmartContextLoader', parent = [null]]]; transaction manager [org.springframework.jdbc.datasource.DataSourceTransactionManager@2e11485]; rollback [true]
2015-09-11 23:19:59.460 [main] [DEBUG]  org.mybatis.spring.SqlSessionUtils {SqlSessionUtils.java:104} - Creating a new SqlSession
2015-09-11 23:19:59.460 [main] [DEBUG]  org.mybatis.spring.SqlSessionUtils {SqlSessionUtils.java:120} - Registering transaction synchronization for SqlSession [org.apache.ibatis.session.defaults.DefaultSqlSession@5536379e]
2015-09-11 23:19:59.461 [main] [DEBUG]  org.mybatis.spring.transaction.SpringManagedTransaction {SpringManagedTransaction.java:86} - JDBC Connection [ProxyConnection[PooledConnection[com.mysql.jdbc.JDBC4Connection@efde75f]]] will be managed by Spring
2015-09-11 23:19:59.462 [main] [DEBUG]  cn.segema.sys.domain.SysDictionary.insert {BaseJdbcLogger.java:132} - ooo Using Connection [ProxyConnection[PooledConnection[com.mysql.jdbc.JDBC4Connection@efde75f]]]
2015-09-11 23:19:59.462 [main] [DEBUG]  cn.segema.sys.domain.SysDictionary.insert {BaseJdbcLogger.java:132} - ==>  Preparing: insert into sys_dictionary( dic_id, dic_name, dic_value, dic_group, dic_type, dic_order, dic_status, dic_parent_id ) values ( ?, ?, ?, ?, ?, ?, ?, ? ) 
2015-09-11 23:19:59.463 [main] [DEBUG]  cn.segema.sys.domain.SysDictionary.insert {BaseJdbcLogger.java:132} - ==> Parameters: id0(String), name0(String), value0(String), group0(String), DIR(String), 0(Integer), OFF(String), parendId0(String)
2015-09-11 23:19:59.465 [main] [DEBUG]  cn.segema.sys.domain.SysDictionary.insert {BaseJdbcLogger.java:132} - <==    Updates: 1
2015-09-11 23:19:59.466 [main] [DEBUG]  org.mybatis.spring.SqlSessionUtils {SqlSessionUtils.java:163} - Releasing transactional SqlSession [org.apache.ibatis.session.defaults.DefaultSqlSession@5536379e]
2015-09-11 23:19:59.467 [main] [DEBUG]  org.mybatis.spring.SqlSessionUtils {SqlSessionUtils.java:97} - Fetched SqlSession [org.apache.ibatis.session.defaults.DefaultSqlSession@5536379e] from current transaction
2015-09-11 23:19:59.467 [main] [DEBUG]  cn.segema.sys.domain.SysDictionary.insert {BaseJdbcLogger.java:132} - ==> Parameters: id1(String), name1(String), value1(String), group1(String), DIR(String), 1(Integer), OFF(String), parendId1(String)
2015-09-11 23:19:59.470 [main] [DEBUG]  cn.segema.sys.domain.SysDictionary.insert {BaseJdbcLogger.java:132} - <==    Updates: 1
2015-09-11 23:19:59.471 [main] [DEBUG]  org.mybatis.spring.SqlSessionUtils {SqlSessionUtils.java:163} - Releasing transactional SqlSession [org.apache.ibatis.session.defaults.DefaultSqlSession@5536379e]
2015-09-11 23:19:59.471 [main] [DEBUG]  org.mybatis.spring.SqlSessionUtils {SqlSessionUtils.java:97} - Fetched SqlSession [org.apache.ibatis.session.defaults.DefaultSqlSession@5536379e] from current transaction
2015-09-11 23:19:59.472 [main] [DEBUG]  cn.segema.sys.domain.SysDictionary.insert {BaseJdbcLogger.java:132} - ==> Parameters: id2(String), name2(String), value2(String), group2(String), DIR(String), 2(Integer), OFF(String), parendId2(String)
2015-09-11 23:19:59.474 [main] [DEBUG]  cn.segema.sys.domain.SysDictionary.insert {BaseJdbcLogger.java:132} - <==    Updates: 1
2015-09-11 23:19:59.475 [main] [DEBUG]  org.mybatis.spring.SqlSessionUtils {SqlSessionUtils.java:163} - Releasing transactional SqlSession [org.apache.ibatis.session.defaults.DefaultSqlSession@5536379e]
2015-09-11 23:19:59.475 [main] [DEBUG]  org.mybatis.spring.SqlSessionUtils {SqlSessionUtils.java:97} - Fetched SqlSession [org.apache.ibatis.session.defaults.DefaultSqlSession@5536379e] from current transaction
2015-09-11 23:19:59.476 [main] [DEBUG]  cn.segema.sys.domain.SysDictionary.insert {BaseJdbcLogger.java:132} - ==> Parameters: id3(String), name3(String), value3(String), group3(String), DIR(String), 3(Integer), OFF(String), parendId3(String)
2015-09-11 23:19:59.478 [main] [DEBUG]  cn.segema.sys.domain.SysDictionary.insert {BaseJdbcLogger.java:132} - <==    Updates: 1
2015-09-11 23:19:59.479 [main] [DEBUG]  org.mybatis.spring.SqlSessionUtils {SqlSessionUtils.java:163} - Releasing transactional SqlSession [org.apache.ibatis.session.defaults.DefaultSqlSession@5536379e]
2015-09-11 23:19:59.479 [main] [DEBUG]  org.mybatis.spring.SqlSessionUtils {SqlSessionUtils.java:97} - Fetched SqlSession [org.apache.ibatis.session.defaults.DefaultSqlSession@5536379e] from current transaction
2015-09-11 23:19:59.480 [main] [DEBUG]  cn.segema.sys.domain.SysDictionary.insert {BaseJdbcLogger.java:132} - ==> Parameters: id4(String), name4(String), value4(String), group4(String), DIR(String), 4(Integer), OFF(String), parendId4(String)
2015-09-11 23:19:59.485 [main] [DEBUG]  cn.segema.sys.domain.SysDictionary.insert {BaseJdbcLogger.java:132} - <==    Updates: 1
2015-09-11 23:19:59.489 [main] [DEBUG]  org.mybatis.spring.SqlSessionUtils {SqlSessionUtils.java:163} - Releasing transactional SqlSession [org.apache.ibatis.session.defaults.DefaultSqlSession@5536379e]
2015-09-11 23:19:59.490 [main] [DEBUG]  org.mybatis.spring.SqlSessionUtils {SqlSessionUtils.java:97} - Fetched SqlSession [org.apache.ibatis.session.defaults.DefaultSqlSession@5536379e] from current transaction
2015-09-11 23:19:59.496 [main] [DEBUG]  cn.segema.sys.domain.SysDictionary.insert {BaseJdbcLogger.java:132} - ==> Parameters: id5(String), name5(String), value5(String), group5(String), DIR(String), 5(Integer), OFF(String), parendId5(String)
2015-09-11 23:19:59.499 [main] [DEBUG]  cn.segema.sys.domain.SysDictionary.insert {BaseJdbcLogger.java:132} - <==    Updates: 1
2015-09-11 23:19:59.500 [main] [DEBUG]  org.mybatis.spring.SqlSessionUtils {SqlSessionUtils.java:163} - Releasing transactional SqlSession [org.apache.ibatis.session.defaults.DefaultSqlSession@5536379e]
2015-09-11 23:19:59.501 [main] [DEBUG]  org.mybatis.spring.SqlSessionUtils {SqlSessionUtils.java:97} - Fetched SqlSession [org.apache.ibatis.session.defaults.DefaultSqlSession@5536379e] from current transaction
2015-09-11 23:19:59.502 [main] [DEBUG]  cn.segema.sys.domain.SysDictionary.insert {BaseJdbcLogger.java:132} - ==> Parameters: id6(String), name6(String), value6(String), group6(String), DIR(String), 6(Integer), OFF(String), parendId6(String)
2015-09-11 23:19:59.506 [main] [DEBUG]  cn.segema.sys.domain.SysDictionary.insert {BaseJdbcLogger.java:132} - <==    Updates: 1
2015-09-11 23:19:59.507 [main] [DEBUG]  org.mybatis.spring.SqlSessionUtils {SqlSessionUtils.java:163} - Releasing transactional SqlSession [org.apache.ibatis.session.defaults.DefaultSqlSession@5536379e]
2015-09-11 23:19:59.507 [main] [DEBUG]  org.mybatis.spring.SqlSessionUtils {SqlSessionUtils.java:97} - Fetched SqlSession [org.apache.ibatis.session.defaults.DefaultSqlSession@5536379e] from current transaction
2015-09-11 23:19:59.508 [main] [DEBUG]  cn.segema.sys.domain.SysDictionary.insert {BaseJdbcLogger.java:132} - ==> Parameters: id7(String), name7(String), value7(String), group7(String), DIR(String), 7(Integer), OFF(String), parendId7(String)
2015-09-11 23:19:59.510 [main] [DEBUG]  cn.segema.sys.domain.SysDictionary.insert {BaseJdbcLogger.java:132} - <==    Updates: 1
2015-09-11 23:19:59.510 [main] [DEBUG]  org.mybatis.spring.SqlSessionUtils {SqlSessionUtils.java:163} - Releasing transactional SqlSession [org.apache.ibatis.session.defaults.DefaultSqlSession@5536379e]
2015-09-11 23:19:59.511 [main] [DEBUG]  org.mybatis.spring.SqlSessionUtils {SqlSessionUtils.java:97} - Fetched SqlSession [org.apache.ibatis.session.defaults.DefaultSqlSession@5536379e] from current transaction
2015-09-11 23:19:59.511 [main] [DEBUG]  cn.segema.sys.domain.SysDictionary.insert {BaseJdbcLogger.java:132} - ==> Parameters: id8(String), name8(String), value8(String), group8(String), DIR(String), 8(Integer), OFF(String), parendId8(String)
2015-09-11 23:19:59.515 [main] [DEBUG]  cn.segema.sys.domain.SysDictionary.insert {BaseJdbcLogger.java:132} - <==    Updates: 1
2015-09-11 23:19:59.516 [main] [DEBUG]  org.mybatis.spring.SqlSessionUtils {SqlSessionUtils.java:163} - Releasing transactional SqlSession [org.apache.ibatis.session.defaults.DefaultSqlSession@5536379e]
2015-09-11 23:19:59.516 [main] [DEBUG]  org.mybatis.spring.SqlSessionUtils {SqlSessionUtils.java:97} - Fetched SqlSession [org.apache.ibatis.session.defaults.DefaultSqlSession@5536379e] from current transaction
2015-09-11 23:19:59.517 [main] [DEBUG]  cn.segema.sys.domain.SysDictionary.insert {BaseJdbcLogger.java:132} - ==> Parameters: id9(String), name9(String), value9(String), group9(String), DIR(String), 9(Integer), OFF(String), parendId9(String)
2015-09-11 23:19:59.520 [main] [DEBUG]  cn.segema.sys.domain.SysDictionary.insert {BaseJdbcLogger.java:132} - <==    Updates: 1
2015-09-11 23:19:59.521 [main] [DEBUG]  org.mybatis.spring.SqlSessionUtils {SqlSessionUtils.java:163} - Releasing transactional SqlSession [org.apache.ibatis.session.defaults.DefaultSqlSession@5536379e]
2015-09-11 23:19:59.522 [main] [DEBUG]  org.mybatis.spring.SqlSessionUtils {SqlSessionUtils.java:97} - Fetched SqlSession [org.apache.ibatis.session.defaults.DefaultSqlSession@5536379e] from current transaction
2015-09-11 23:19:59.523 [main] [DEBUG]  cn.segema.sys.domain.SysDictionary.select {BaseJdbcLogger.java:132} - ooo Using Connection [ProxyConnection[PooledConnection[com.mysql.jdbc.JDBC4Connection@efde75f]]]
2015-09-11 23:19:59.524 [main] [DEBUG]  cn.segema.sys.domain.SysDictionary.select {BaseJdbcLogger.java:132} - ==>  Preparing: select dic_id as dicId, dic_name as dicName, dic_value as dicValue, dic_group as dicGroup, dic_type as dicType, dic_order as dicOrder, dic_status as dicStatus, dic_parent_id as dicParentId from sys_dictionary 
2015-09-11 23:19:59.532 [main] [DEBUG]  cn.segema.sys.domain.SysDictionary.select {BaseJdbcLogger.java:132} - ==> Parameters: 
2015-09-11 23:19:59.545 [main] [DEBUG]  cn.segema.sys.domain.SysDictionary.select {BaseJdbcLogger.java:132} - <==      Total: 12
2015-09-11 23:19:59.546 [main] [DEBUG]  org.mybatis.spring.SqlSessionUtils {SqlSessionUtils.java:163} - Releasing transactional SqlSession [org.apache.ibatis.session.defaults.DefaultSqlSession@5536379e]
2015-09-11 23:19:59.546 [main] [DEBUG]  org.mybatis.spring.SqlSessionUtils {SqlSessionUtils.java:287} - Transaction synchronization deregistering SqlSession [org.apache.ibatis.session.defaults.DefaultSqlSession@5536379e]
2015-09-11 23:19:59.547 [main] [DEBUG]  org.mybatis.spring.SqlSessionUtils {SqlSessionUtils.java:292} - Transaction synchronization closing SqlSession [org.apache.ibatis.session.defaults.DefaultSqlSession@5536379e]
2015-09-11 23:19:59.585 [main] [INFO ]  org.springframework.test.context.transaction.TransactionContext {TransactionContext.java:136} - Rolled back transaction for test context [DefaultTestContext@1c7fd41f testClass = SysDictionaryDaoImplTest, testInstance = cn.segema.sys.dao.impl.SysDictionaryDaoImplTest@165b2f7f, testMethod = testSelectAll@SysDictionaryDaoImplTest, testException = java.lang.AssertionError: expected:<10> but was:<12>, mergedContextConfiguration = [MergedContextConfiguration@7b324585 testClass = SysDictionaryDaoImplTest, locations = '{classpath:/spring-config.xml}', classes = '{}', contextInitializerClasses = '[]', activeProfiles = '{}', propertySourceLocations = '{}', propertySourceProperties = '{}', contextLoader = 'org.springframework.test.context.support.DelegatingSmartContextLoader', parent = [null]]].
]]></system-out>
  </testcase>
  <testcase name="testSelectMap" classname="cn.segema.sys.dao.impl.SysDictionaryDaoImplTest" time="0.113"/>
  <testcase name="testSelectOne" classname="cn.segema.sys.dao.impl.SysDictionaryDaoImplTest" time="0.118"/>
  <testcase name="testUpdateById" classname="cn.segema.sys.dao.impl.SysDictionaryDaoImplTest" time="0.138"/>
  <testcase name="testSelectCount" classname="cn.segema.sys.dao.impl.SysDictionaryDaoImplTest" time="0.179">
    <failure message="expected:&lt;10&gt; but was:&lt;12&gt;" type="java.lang.AssertionError"><![CDATA[java.lang.AssertionError: expected:<10> but was:<12>
	at org.junit.Assert.fail(Assert.java:88)
	at org.junit.Assert.failNotEquals(Assert.java:743)
	at org.junit.Assert.assertEquals(Assert.java:118)
	at org.junit.Assert.assertEquals(Assert.java:555)
	at org.junit.Assert.assertEquals(Assert.java:542)
	at cn.segema.sys.dao.impl.SysDictionaryDaoImplTest.testSelectCount(SysDictionaryDaoImplTest.java:129)
]]></failure>
    <system-out><![CDATA[2015-09-11 23:19:59.975 [main] [INFO ]  org.springframework.test.context.transaction.TransactionContext {TransactionContext.java:101} - Began transaction (1) for test context [DefaultTestContext@1c7fd41f testClass = SysDictionaryDaoImplTest, testInstance = cn.segema.sys.dao.impl.SysDictionaryDaoImplTest@743cb8e0, testMethod = testSelectCount@SysDictionaryDaoImplTest, testException = [null], mergedContextConfiguration = [MergedContextConfiguration@7b324585 testClass = SysDictionaryDaoImplTest, locations = '{classpath:/spring-config.xml}', classes = '{}', contextInitializerClasses = '[]', activeProfiles = '{}', propertySourceLocations = '{}', propertySourceProperties = '{}', contextLoader = 'org.springframework.test.context.support.DelegatingSmartContextLoader', parent = [null]]]; transaction manager [org.springframework.jdbc.datasource.DataSourceTransactionManager@2e11485]; rollback [true]
2015-09-11 23:19:59.976 [main] [DEBUG]  org.mybatis.spring.SqlSessionUtils {SqlSessionUtils.java:104} - Creating a new SqlSession
2015-09-11 23:19:59.977 [main] [DEBUG]  org.mybatis.spring.SqlSessionUtils {SqlSessionUtils.java:120} - Registering transaction synchronization for SqlSession [org.apache.ibatis.session.defaults.DefaultSqlSession@c7a975a]
2015-09-11 23:19:59.977 [main] [DEBUG]  org.mybatis.spring.transaction.SpringManagedTransaction {SpringManagedTransaction.java:86} - JDBC Connection [ProxyConnection[PooledConnection[com.mysql.jdbc.JDBC4Connection@efde75f]]] will be managed by Spring
2015-09-11 23:19:59.978 [main] [DEBUG]  cn.segema.sys.domain.SysDictionary.insert {BaseJdbcLogger.java:132} - ooo Using Connection [ProxyConnection[PooledConnection[com.mysql.jdbc.JDBC4Connection@efde75f]]]
2015-09-11 23:19:59.978 [main] [DEBUG]  cn.segema.sys.domain.SysDictionary.insert {BaseJdbcLogger.java:132} - ==>  Preparing: insert into sys_dictionary( dic_id, dic_name, dic_value, dic_group, dic_type, dic_order, dic_status, dic_parent_id ) values ( ?, ?, ?, ?, ?, ?, ?, ? ) 
2015-09-11 23:19:59.979 [main] [DEBUG]  cn.segema.sys.domain.SysDictionary.insert {BaseJdbcLogger.java:132} - ==> Parameters: id0(String), name0(String), value0(String), group0(String), DIR(String), 0(Integer), OFF(String), parendId0(String)
2015-09-11 23:19:59.981 [main] [DEBUG]  cn.segema.sys.domain.SysDictionary.insert {BaseJdbcLogger.java:132} - <==    Updates: 1
2015-09-11 23:19:59.982 [main] [DEBUG]  org.mybatis.spring.SqlSessionUtils {SqlSessionUtils.java:163} - Releasing transactional SqlSession [org.apache.ibatis.session.defaults.DefaultSqlSession@c7a975a]
2015-09-11 23:19:59.983 [main] [DEBUG]  org.mybatis.spring.SqlSessionUtils {SqlSessionUtils.java:97} - Fetched SqlSession [org.apache.ibatis.session.defaults.DefaultSqlSession@c7a975a] from current transaction
2015-09-11 23:19:59.984 [main] [DEBUG]  cn.segema.sys.domain.SysDictionary.insert {BaseJdbcLogger.java:132} - ==> Parameters: id1(String), name1(String), value1(String), group1(String), DIR(String), 1(Integer), OFF(String), parendId1(String)
2015-09-11 23:19:59.986 [main] [DEBUG]  cn.segema.sys.domain.SysDictionary.insert {BaseJdbcLogger.java:132} - <==    Updates: 1
2015-09-11 23:19:59.986 [main] [DEBUG]  org.mybatis.spring.SqlSessionUtils {SqlSessionUtils.java:163} - Releasing transactional SqlSession [org.apache.ibatis.session.defaults.DefaultSqlSession@c7a975a]
2015-09-11 23:19:59.986 [main] [DEBUG]  org.mybatis.spring.SqlSessionUtils {SqlSessionUtils.java:97} - Fetched SqlSession [org.apache.ibatis.session.defaults.DefaultSqlSession@c7a975a] from current transaction
2015-09-11 23:19:59.987 [main] [DEBUG]  cn.segema.sys.domain.SysDictionary.insert {BaseJdbcLogger.java:132} - ==> Parameters: id2(String), name2(String), value2(String), group2(String), DIR(String), 2(Integer), OFF(String), parendId2(String)
2015-09-11 23:19:59.991 [main] [DEBUG]  cn.segema.sys.domain.SysDictionary.insert {BaseJdbcLogger.java:132} - <==    Updates: 1
2015-09-11 23:19:59.991 [main] [DEBUG]  org.mybatis.spring.SqlSessionUtils {SqlSessionUtils.java:163} - Releasing transactional SqlSession [org.apache.ibatis.session.defaults.DefaultSqlSession@c7a975a]
2015-09-11 23:19:59.991 [main] [DEBUG]  org.mybatis.spring.SqlSessionUtils {SqlSessionUtils.java:97} - Fetched SqlSession [org.apache.ibatis.session.defaults.DefaultSqlSession@c7a975a] from current transaction
2015-09-11 23:19:59.992 [main] [DEBUG]  cn.segema.sys.domain.SysDictionary.insert {BaseJdbcLogger.java:132} - ==> Parameters: id3(String), name3(String), value3(String), group3(String), DIR(String), 3(Integer), OFF(String), parendId3(String)
2015-09-11 23:19:59.994 [main] [DEBUG]  cn.segema.sys.domain.SysDictionary.insert {BaseJdbcLogger.java:132} - <==    Updates: 1
2015-09-11 23:19:59.994 [main] [DEBUG]  org.mybatis.spring.SqlSessionUtils {SqlSessionUtils.java:163} - Releasing transactional SqlSession [org.apache.ibatis.session.defaults.DefaultSqlSession@c7a975a]
2015-09-11 23:19:59.994 [main] [DEBUG]  org.mybatis.spring.SqlSessionUtils {SqlSessionUtils.java:97} - Fetched SqlSession [org.apache.ibatis.session.defaults.DefaultSqlSession@c7a975a] from current transaction
2015-09-11 23:19:59.995 [main] [DEBUG]  cn.segema.sys.domain.SysDictionary.insert {BaseJdbcLogger.java:132} - ==> Parameters: id4(String), name4(String), value4(String), group4(String), DIR(String), 4(Integer), OFF(String), parendId4(String)
2015-09-11 23:19:59.997 [main] [DEBUG]  cn.segema.sys.domain.SysDictionary.insert {BaseJdbcLogger.java:132} - <==    Updates: 1
2015-09-11 23:19:59.997 [main] [DEBUG]  org.mybatis.spring.SqlSessionUtils {SqlSessionUtils.java:163} - Releasing transactional SqlSession [org.apache.ibatis.session.defaults.DefaultSqlSession@c7a975a]
2015-09-11 23:19:59.998 [main] [DEBUG]  org.mybatis.spring.SqlSessionUtils {SqlSessionUtils.java:97} - Fetched SqlSession [org.apache.ibatis.session.defaults.DefaultSqlSession@c7a975a] from current transaction
2015-09-11 23:19:59.998 [main] [DEBUG]  cn.segema.sys.domain.SysDictionary.insert {BaseJdbcLogger.java:132} - ==> Parameters: id5(String), name5(String), value5(String), group5(String), DIR(String), 5(Integer), OFF(String), parendId5(String)
2015-09-11 23:20:00.000 [main] [DEBUG]  cn.segema.sys.domain.SysDictionary.insert {BaseJdbcLogger.java:132} - <==    Updates: 1
2015-09-11 23:20:00.001 [main] [DEBUG]  org.mybatis.spring.SqlSessionUtils {SqlSessionUtils.java:163} - Releasing transactional SqlSession [org.apache.ibatis.session.defaults.DefaultSqlSession@c7a975a]
2015-09-11 23:20:00.001 [main] [DEBUG]  org.mybatis.spring.SqlSessionUtils {SqlSessionUtils.java:97} - Fetched SqlSession [org.apache.ibatis.session.defaults.DefaultSqlSession@c7a975a] from current transaction
2015-09-11 23:20:00.002 [main] [DEBUG]  cn.segema.sys.domain.SysDictionary.insert {BaseJdbcLogger.java:132} - ==> Parameters: id6(String), name6(String), value6(String), group6(String), DIR(String), 6(Integer), OFF(String), parendId6(String)
2015-09-11 23:20:00.008 [main] [DEBUG]  cn.segema.sys.domain.SysDictionary.insert {BaseJdbcLogger.java:132} - <==    Updates: 1
2015-09-11 23:20:00.008 [main] [DEBUG]  org.mybatis.spring.SqlSessionUtils {SqlSessionUtils.java:163} - Releasing transactional SqlSession [org.apache.ibatis.session.defaults.DefaultSqlSession@c7a975a]
2015-09-11 23:20:00.009 [main] [DEBUG]  org.mybatis.spring.SqlSessionUtils {SqlSessionUtils.java:97} - Fetched SqlSession [org.apache.ibatis.session.defaults.DefaultSqlSession@c7a975a] from current transaction
2015-09-11 23:20:00.010 [main] [DEBUG]  cn.segema.sys.domain.SysDictionary.insert {BaseJdbcLogger.java:132} - ==> Parameters: id7(String), name7(String), value7(String), group7(String), DIR(String), 7(Integer), OFF(String), parendId7(String)
2015-09-11 23:20:00.012 [main] [DEBUG]  cn.segema.sys.domain.SysDictionary.insert {BaseJdbcLogger.java:132} - <==    Updates: 1
2015-09-11 23:20:00.012 [main] [DEBUG]  org.mybatis.spring.SqlSessionUtils {SqlSessionUtils.java:163} - Releasing transactional SqlSession [org.apache.ibatis.session.defaults.DefaultSqlSession@c7a975a]
2015-09-11 23:20:00.012 [main] [DEBUG]  org.mybatis.spring.SqlSessionUtils {SqlSessionUtils.java:97} - Fetched SqlSession [org.apache.ibatis.session.defaults.DefaultSqlSession@c7a975a] from current transaction
2015-09-11 23:20:00.013 [main] [DEBUG]  cn.segema.sys.domain.SysDictionary.insert {BaseJdbcLogger.java:132} - ==> Parameters: id8(String), name8(String), value8(String), group8(String), DIR(String), 8(Integer), OFF(String), parendId8(String)
2015-09-11 23:20:00.015 [main] [DEBUG]  cn.segema.sys.domain.SysDictionary.insert {BaseJdbcLogger.java:132} - <==    Updates: 1
2015-09-11 23:20:00.015 [main] [DEBUG]  org.mybatis.spring.SqlSessionUtils {SqlSessionUtils.java:163} - Releasing transactional SqlSession [org.apache.ibatis.session.defaults.DefaultSqlSession@c7a975a]
2015-09-11 23:20:00.016 [main] [DEBUG]  org.mybatis.spring.SqlSessionUtils {SqlSessionUtils.java:97} - Fetched SqlSession [org.apache.ibatis.session.defaults.DefaultSqlSession@c7a975a] from current transaction
2015-09-11 23:20:00.016 [main] [DEBUG]  cn.segema.sys.domain.SysDictionary.insert {BaseJdbcLogger.java:132} - ==> Parameters: id9(String), name9(String), value9(String), group9(String), DIR(String), 9(Integer), OFF(String), parendId9(String)
2015-09-11 23:20:00.018 [main] [DEBUG]  cn.segema.sys.domain.SysDictionary.insert {BaseJdbcLogger.java:132} - <==    Updates: 1
2015-09-11 23:20:00.018 [main] [DEBUG]  org.mybatis.spring.SqlSessionUtils {SqlSessionUtils.java:163} - Releasing transactional SqlSession [org.apache.ibatis.session.defaults.DefaultSqlSession@c7a975a]
2015-09-11 23:20:00.019 [main] [DEBUG]  org.mybatis.spring.SqlSessionUtils {SqlSessionUtils.java:97} - Fetched SqlSession [org.apache.ibatis.session.defaults.DefaultSqlSession@c7a975a] from current transaction
2015-09-11 23:20:00.019 [main] [DEBUG]  cn.segema.sys.domain.SysDictionary.selectCount {BaseJdbcLogger.java:132} - ooo Using Connection [ProxyConnection[PooledConnection[com.mysql.jdbc.JDBC4Connection@efde75f]]]
2015-09-11 23:20:00.020 [main] [DEBUG]  cn.segema.sys.domain.SysDictionary.selectCount {BaseJdbcLogger.java:132} - ==>  Preparing: select count(dic_id) from sys_dictionary 
2015-09-11 23:20:00.020 [main] [DEBUG]  cn.segema.sys.domain.SysDictionary.selectCount {BaseJdbcLogger.java:132} - ==> Parameters: 
2015-09-11 23:20:00.024 [main] [DEBUG]  cn.segema.sys.domain.SysDictionary.selectCount {BaseJdbcLogger.java:132} - <==      Total: 1
2015-09-11 23:20:00.025 [main] [DEBUG]  org.mybatis.spring.SqlSessionUtils {SqlSessionUtils.java:163} - Releasing transactional SqlSession [org.apache.ibatis.session.defaults.DefaultSqlSession@c7a975a]
2015-09-11 23:20:00.026 [main] [DEBUG]  org.mybatis.spring.SqlSessionUtils {SqlSessionUtils.java:287} - Transaction synchronization deregistering SqlSession [org.apache.ibatis.session.defaults.DefaultSqlSession@c7a975a]
2015-09-11 23:20:00.026 [main] [DEBUG]  org.mybatis.spring.SqlSessionUtils {SqlSessionUtils.java:292} - Transaction synchronization closing SqlSession [org.apache.ibatis.session.defaults.DefaultSqlSession@c7a975a]
2015-09-11 23:20:00.150 [main] [INFO ]  org.springframework.test.context.transaction.TransactionContext {TransactionContext.java:136} - Rolled back transaction for test context [DefaultTestContext@1c7fd41f testClass = SysDictionaryDaoImplTest, testInstance = cn.segema.sys.dao.impl.SysDictionaryDaoImplTest@743cb8e0, testMethod = testSelectCount@SysDictionaryDaoImplTest, testException = java.lang.AssertionError: expected:<10> but was:<12>, mergedContextConfiguration = [MergedContextConfiguration@7b324585 testClass = SysDictionaryDaoImplTest, locations = '{classpath:/spring-config.xml}', classes = '{}', contextInitializerClasses = '[]', activeProfiles = '{}', propertySourceLocations = '{}', propertySourceProperties = '{}', contextLoader = 'org.springframework.test.context.support.DelegatingSmartContextLoader', parent = [null]]].
]]></system-out>
  </testcase>
  <testcase name="testSelectListT" classname="cn.segema.sys.dao.impl.SysDictionaryDaoImplTest" time="0.14"/>
  <testcase name="testSelectListTPageable" classname="cn.segema.sys.dao.impl.SysDictionaryDaoImplTest" time="0.082"/>
  <testcase name="testDeleteAll" classname="cn.segema.sys.dao.impl.SysDictionaryDaoImplTest" time="0.095">
    <failure message="expected:&lt;10&gt; but was:&lt;12&gt;" type="java.lang.AssertionError"><![CDATA[java.lang.AssertionError: expected:<10> but was:<12>
	at org.junit.Assert.fail(Assert.java:88)
	at org.junit.Assert.failNotEquals(Assert.java:743)
	at org.junit.Assert.assertEquals(Assert.java:118)
	at org.junit.Assert.assertEquals(Assert.java:555)
	at org.junit.Assert.assertEquals(Assert.java:542)
	at cn.segema.sys.dao.impl.SysDictionaryDaoImplTest.testDeleteAll(SysDictionaryDaoImplTest.java:213)
]]></failure>
    <system-out><![CDATA[2015-09-11 23:20:00.430 [main] [INFO ]  org.springframework.test.context.transaction.TransactionContext {TransactionContext.java:101} - Began transaction (1) for test context [DefaultTestContext@1c7fd41f testClass = SysDictionaryDaoImplTest, testInstance = cn.segema.sys.dao.impl.SysDictionaryDaoImplTest@34645867, testMethod = testDeleteAll@SysDictionaryDaoImplTest, testException = [null], mergedContextConfiguration = [MergedContextConfiguration@7b324585 testClass = SysDictionaryDaoImplTest, locations = '{classpath:/spring-config.xml}', classes = '{}', contextInitializerClasses = '[]', activeProfiles = '{}', propertySourceLocations = '{}', propertySourceProperties = '{}', contextLoader = 'org.springframework.test.context.support.DelegatingSmartContextLoader', parent = [null]]]; transaction manager [org.springframework.jdbc.datasource.DataSourceTransactionManager@2e11485]; rollback [true]
2015-09-11 23:20:00.431 [main] [DEBUG]  org.mybatis.spring.SqlSessionUtils {SqlSessionUtils.java:104} - Creating a new SqlSession
2015-09-11 23:20:00.431 [main] [DEBUG]  org.mybatis.spring.SqlSessionUtils {SqlSessionUtils.java:120} - Registering transaction synchronization for SqlSession [org.apache.ibatis.session.defaults.DefaultSqlSession@2484f433]
2015-09-11 23:20:00.432 [main] [DEBUG]  org.mybatis.spring.transaction.SpringManagedTransaction {SpringManagedTransaction.java:86} - JDBC Connection [ProxyConnection[PooledConnection[com.mysql.jdbc.JDBC4Connection@efde75f]]] will be managed by Spring
2015-09-11 23:20:00.432 [main] [DEBUG]  cn.segema.sys.domain.SysDictionary.insert {BaseJdbcLogger.java:132} - ooo Using Connection [ProxyConnection[PooledConnection[com.mysql.jdbc.JDBC4Connection@efde75f]]]
2015-09-11 23:20:00.432 [main] [DEBUG]  cn.segema.sys.domain.SysDictionary.insert {BaseJdbcLogger.java:132} - ==>  Preparing: insert into sys_dictionary( dic_id, dic_name, dic_value, dic_group, dic_type, dic_order, dic_status, dic_parent_id ) values ( ?, ?, ?, ?, ?, ?, ?, ? ) 
2015-09-11 23:20:00.433 [main] [DEBUG]  cn.segema.sys.domain.SysDictionary.insert {BaseJdbcLogger.java:132} - ==> Parameters: id0(String), name0(String), value0(String), group0(String), DIR(String), 0(Integer), OFF(String), parendId0(String)
2015-09-11 23:20:00.435 [main] [DEBUG]  cn.segema.sys.domain.SysDictionary.insert {BaseJdbcLogger.java:132} - <==    Updates: 1
2015-09-11 23:20:00.436 [main] [DEBUG]  org.mybatis.spring.SqlSessionUtils {SqlSessionUtils.java:163} - Releasing transactional SqlSession [org.apache.ibatis.session.defaults.DefaultSqlSession@2484f433]
2015-09-11 23:20:00.436 [main] [DEBUG]  org.mybatis.spring.SqlSessionUtils {SqlSessionUtils.java:97} - Fetched SqlSession [org.apache.ibatis.session.defaults.DefaultSqlSession@2484f433] from current transaction
2015-09-11 23:20:00.437 [main] [DEBUG]  cn.segema.sys.domain.SysDictionary.insert {BaseJdbcLogger.java:132} - ==> Parameters: id1(String), name1(String), value1(String), group1(String), DIR(String), 1(Integer), OFF(String), parendId1(String)
2015-09-11 23:20:00.439 [main] [DEBUG]  cn.segema.sys.domain.SysDictionary.insert {BaseJdbcLogger.java:132} - <==    Updates: 1
2015-09-11 23:20:00.439 [main] [DEBUG]  org.mybatis.spring.SqlSessionUtils {SqlSessionUtils.java:163} - Releasing transactional SqlSession [org.apache.ibatis.session.defaults.DefaultSqlSession@2484f433]
2015-09-11 23:20:00.440 [main] [DEBUG]  org.mybatis.spring.SqlSessionUtils {SqlSessionUtils.java:97} - Fetched SqlSession [org.apache.ibatis.session.defaults.DefaultSqlSession@2484f433] from current transaction
2015-09-11 23:20:00.441 [main] [DEBUG]  cn.segema.sys.domain.SysDictionary.insert {BaseJdbcLogger.java:132} - ==> Parameters: id2(String), name2(String), value2(String), group2(String), DIR(String), 2(Integer), OFF(String), parendId2(String)
2015-09-11 23:20:00.443 [main] [DEBUG]  cn.segema.sys.domain.SysDictionary.insert {BaseJdbcLogger.java:132} - <==    Updates: 1
2015-09-11 23:20:00.443 [main] [DEBUG]  org.mybatis.spring.SqlSessionUtils {SqlSessionUtils.java:163} - Releasing transactional SqlSession [org.apache.ibatis.session.defaults.DefaultSqlSession@2484f433]
2015-09-11 23:20:00.444 [main] [DEBUG]  org.mybatis.spring.SqlSessionUtils {SqlSessionUtils.java:97} - Fetched SqlSession [org.apache.ibatis.session.defaults.DefaultSqlSession@2484f433] from current transaction
2015-09-11 23:20:00.444 [main] [DEBUG]  cn.segema.sys.domain.SysDictionary.insert {BaseJdbcLogger.java:132} - ==> Parameters: id3(String), name3(String), value3(String), group3(String), DIR(String), 3(Integer), OFF(String), parendId3(String)
2015-09-11 23:20:00.448 [main] [DEBUG]  cn.segema.sys.domain.SysDictionary.insert {BaseJdbcLogger.java:132} - <==    Updates: 1
2015-09-11 23:20:00.448 [main] [DEBUG]  org.mybatis.spring.SqlSessionUtils {SqlSessionUtils.java:163} - Releasing transactional SqlSession [org.apache.ibatis.session.defaults.DefaultSqlSession@2484f433]
2015-09-11 23:20:00.449 [main] [DEBUG]  org.mybatis.spring.SqlSessionUtils {SqlSessionUtils.java:97} - Fetched SqlSession [org.apache.ibatis.session.defaults.DefaultSqlSession@2484f433] from current transaction
2015-09-11 23:20:00.450 [main] [DEBUG]  cn.segema.sys.domain.SysDictionary.insert {BaseJdbcLogger.java:132} - ==> Parameters: id4(String), name4(String), value4(String), group4(String), DIR(String), 4(Integer), OFF(String), parendId4(String)
2015-09-11 23:20:00.452 [main] [DEBUG]  cn.segema.sys.domain.SysDictionary.insert {BaseJdbcLogger.java:132} - <==    Updates: 1
2015-09-11 23:20:00.452 [main] [DEBUG]  org.mybatis.spring.SqlSessionUtils {SqlSessionUtils.java:163} - Releasing transactional SqlSession [org.apache.ibatis.session.defaults.DefaultSqlSession@2484f433]
2015-09-11 23:20:00.453 [main] [DEBUG]  org.mybatis.spring.SqlSessionUtils {SqlSessionUtils.java:97} - Fetched SqlSession [org.apache.ibatis.session.defaults.DefaultSqlSession@2484f433] from current transaction
2015-09-11 23:20:00.453 [main] [DEBUG]  cn.segema.sys.domain.SysDictionary.insert {BaseJdbcLogger.java:132} - ==> Parameters: id5(String), name5(String), value5(String), group5(String), DIR(String), 5(Integer), OFF(String), parendId5(String)
2015-09-11 23:20:00.456 [main] [DEBUG]  cn.segema.sys.domain.SysDictionary.insert {BaseJdbcLogger.java:132} - <==    Updates: 1
2015-09-11 23:20:00.456 [main] [DEBUG]  org.mybatis.spring.SqlSessionUtils {SqlSessionUtils.java:163} - Releasing transactional SqlSession [org.apache.ibatis.session.defaults.DefaultSqlSession@2484f433]
2015-09-11 23:20:00.457 [main] [DEBUG]  org.mybatis.spring.SqlSessionUtils {SqlSessionUtils.java:97} - Fetched SqlSession [org.apache.ibatis.session.defaults.DefaultSqlSession@2484f433] from current transaction
2015-09-11 23:20:00.458 [main] [DEBUG]  cn.segema.sys.domain.SysDictionary.insert {BaseJdbcLogger.java:132} - ==> Parameters: id6(String), name6(String), value6(String), group6(String), DIR(String), 6(Integer), OFF(String), parendId6(String)
2015-09-11 23:20:00.460 [main] [DEBUG]  cn.segema.sys.domain.SysDictionary.insert {BaseJdbcLogger.java:132} - <==    Updates: 1
2015-09-11 23:20:00.461 [main] [DEBUG]  org.mybatis.spring.SqlSessionUtils {SqlSessionUtils.java:163} - Releasing transactional SqlSession [org.apache.ibatis.session.defaults.DefaultSqlSession@2484f433]
2015-09-11 23:20:00.461 [main] [DEBUG]  org.mybatis.spring.SqlSessionUtils {SqlSessionUtils.java:97} - Fetched SqlSession [org.apache.ibatis.session.defaults.DefaultSqlSession@2484f433] from current transaction
2015-09-11 23:20:00.462 [main] [DEBUG]  cn.segema.sys.domain.SysDictionary.insert {BaseJdbcLogger.java:132} - ==> Parameters: id7(String), name7(String), value7(String), group7(String), DIR(String), 7(Integer), OFF(String), parendId7(String)
2015-09-11 23:20:00.463 [main] [DEBUG]  cn.segema.sys.domain.SysDictionary.insert {BaseJdbcLogger.java:132} - <==    Updates: 1
2015-09-11 23:20:00.464 [main] [DEBUG]  org.mybatis.spring.SqlSessionUtils {SqlSessionUtils.java:163} - Releasing transactional SqlSession [org.apache.ibatis.session.defaults.DefaultSqlSession@2484f433]
2015-09-11 23:20:00.464 [main] [DEBUG]  org.mybatis.spring.SqlSessionUtils {SqlSessionUtils.java:97} - Fetched SqlSession [org.apache.ibatis.session.defaults.DefaultSqlSession@2484f433] from current transaction
2015-09-11 23:20:00.465 [main] [DEBUG]  cn.segema.sys.domain.SysDictionary.insert {BaseJdbcLogger.java:132} - ==> Parameters: id8(String), name8(String), value8(String), group8(String), DIR(String), 8(Integer), OFF(String), parendId8(String)
2015-09-11 23:20:00.467 [main] [DEBUG]  cn.segema.sys.domain.SysDictionary.insert {BaseJdbcLogger.java:132} - <==    Updates: 1
2015-09-11 23:20:00.467 [main] [DEBUG]  org.mybatis.spring.SqlSessionUtils {SqlSessionUtils.java:163} - Releasing transactional SqlSession [org.apache.ibatis.session.defaults.DefaultSqlSession@2484f433]
2015-09-11 23:20:00.468 [main] [DEBUG]  org.mybatis.spring.SqlSessionUtils {SqlSessionUtils.java:97} - Fetched SqlSession [org.apache.ibatis.session.defaults.DefaultSqlSession@2484f433] from current transaction
2015-09-11 23:20:00.469 [main] [DEBUG]  cn.segema.sys.domain.SysDictionary.insert {BaseJdbcLogger.java:132} - ==> Parameters: id9(String), name9(String), value9(String), group9(String), DIR(String), 9(Integer), OFF(String), parendId9(String)
2015-09-11 23:20:00.478 [main] [DEBUG]  cn.segema.sys.domain.SysDictionary.insert {BaseJdbcLogger.java:132} - <==    Updates: 1
2015-09-11 23:20:00.479 [main] [DEBUG]  org.mybatis.spring.SqlSessionUtils {SqlSessionUtils.java:163} - Releasing transactional SqlSession [org.apache.ibatis.session.defaults.DefaultSqlSession@2484f433]
2015-09-11 23:20:00.479 [main] [DEBUG]  org.mybatis.spring.SqlSessionUtils {SqlSessionUtils.java:97} - Fetched SqlSession [org.apache.ibatis.session.defaults.DefaultSqlSession@2484f433] from current transaction
2015-09-11 23:20:00.480 [main] [DEBUG]  cn.segema.sys.domain.SysDictionary.delete {BaseJdbcLogger.java:132} - ooo Using Connection [ProxyConnection[PooledConnection[com.mysql.jdbc.JDBC4Connection@efde75f]]]
2015-09-11 23:20:00.480 [main] [DEBUG]  cn.segema.sys.domain.SysDictionary.delete {BaseJdbcLogger.java:132} - ==>  Preparing: delete from sys_dictionary 
2015-09-11 23:20:00.481 [main] [DEBUG]  cn.segema.sys.domain.SysDictionary.delete {BaseJdbcLogger.java:132} - ==> Parameters: 
2015-09-11 23:20:00.493 [main] [DEBUG]  cn.segema.sys.domain.SysDictionary.delete {BaseJdbcLogger.java:132} - <==    Updates: 12
2015-09-11 23:20:00.494 [main] [DEBUG]  org.mybatis.spring.SqlSessionUtils {SqlSessionUtils.java:163} - Releasing transactional SqlSession [org.apache.ibatis.session.defaults.DefaultSqlSession@2484f433]
2015-09-11 23:20:00.495 [main] [DEBUG]  org.mybatis.spring.SqlSessionUtils {SqlSessionUtils.java:287} - Transaction synchronization deregistering SqlSession [org.apache.ibatis.session.defaults.DefaultSqlSession@2484f433]
2015-09-11 23:20:00.495 [main] [DEBUG]  org.mybatis.spring.SqlSessionUtils {SqlSessionUtils.java:292} - Transaction synchronization closing SqlSession [org.apache.ibatis.session.defaults.DefaultSqlSession@2484f433]
2015-09-11 23:20:00.519 [main] [INFO ]  org.springframework.test.context.transaction.TransactionContext {TransactionContext.java:136} - Rolled back transaction for test context [DefaultTestContext@1c7fd41f testClass = SysDictionaryDaoImplTest, testInstance = cn.segema.sys.dao.impl.SysDictionaryDaoImplTest@34645867, testMethod = testDeleteAll@SysDictionaryDaoImplTest, testException = java.lang.AssertionError: expected:<10> but was:<12>, mergedContextConfiguration = [MergedContextConfiguration@7b324585 testClass = SysDictionaryDaoImplTest, locations = '{classpath:/spring-config.xml}', classes = '{}', contextInitializerClasses = '[]', activeProfiles = '{}', propertySourceLocations = '{}', propertySourceProperties = '{}', contextLoader = 'org.springframework.test.context.support.DelegatingSmartContextLoader', parent = [null]]].
]]></system-out>
  </testcase>
  <testcase name="testSelectPageList" classname="cn.segema.sys.dao.impl.SysDictionaryDaoImplTest" time="0.13"/>
  <testcase name="testDeleteById" classname="cn.segema.sys.dao.impl.SysDictionaryDaoImplTest" time="0.213"/>
  <testcase name="testDelete" classname="cn.segema.sys.dao.impl.SysDictionaryDaoImplTest" time="0.086"/>
  <testcase name="testInsert" classname="cn.segema.sys.dao.impl.SysDictionaryDaoImplTest" time="0.066"/>
  <testcase name="testBatchDeleteById" classname="cn.segema.sys.dao.impl.SysDictionaryDaoImplTest" time="0.128"/>
  <testcase name="testSelectById" classname="cn.segema.sys.dao.impl.SysDictionaryDaoImplTest" time="0.079"/>
  <testcase name="testUpdateByIdSelective" classname="cn.segema.sys.dao.impl.SysDictionaryDaoImplTest" time="0.07"/>
</testsuite>